[20:42:57] [Server thread/INFO]: Starting minecraft server version 1.15.2
[20:42:57] [Server thread/INFO]: Loading properties
[20:42:57] [Server thread/INFO]: This server is running Akarin version git-Akarin-"279a2b2" (MC: 1.15.2) (Implementing API version 1.15.2-R0.1-SNAPSHOT)
[20:42:57] [Server thread/INFO]: Debug logging is disabled
[20:42:57] [Server thread/INFO]: Server Ping Player Sample Count: 12
[20:42:57] [Server thread/INFO]: Using 4 threads for Netty based IO
[20:42:57] [Server thread/INFO]: Default game type: SURVIVAL
[20:42:57] [Server thread/INFO]: Generating keypair
[20:42:57] [Server thread/INFO]: Starting Minecraft server on *:25565
[20:42:57] [Server thread/INFO]: Using epoll channel type
[20:42:57] [Server thread/INFO]: Server permissions file permissions.yml is empty, ignoring it
[20:42:57] [Server thread/INFO]: Preparing level "world"
[20:42:57] [Server thread/INFO]: Reloading ResourceManager: Default, bukkit
[20:42:59] [Server thread/INFO]: Loaded 6 recipes
[20:43:00] [Server thread/INFO]: -------- World Settings For [world] --------
[20:43:00] [Server thread/INFO]: Experience Merge Radius: 3.0
[20:43:00] [Server thread/INFO]: Cactus Growth Modifier: 100%
[20:43:00] [Server thread/INFO]: Cane Growth Modifier: 100%
[20:43:00] [Server thread/INFO]: Melon Growth Modifier: 100%
[20:43:00] [Server thread/INFO]: Mushroom Growth Modifier: 100%
[20:43:00] [Server thread/INFO]: Pumpkin Growth Modifier: 100%
[20:43:00] [Server thread/INFO]: Sapling Growth Modifier: 100%
[20:43:00] [Server thread/INFO]: Beetroot Growth Modifier: 100%
[20:43:00] [Server thread/INFO]: Carrot Growth Modifier: 100%
[20:43:00] [Server thread/INFO]: Potato Growth Modifier: 100%
[20:43:00] [Server thread/INFO]: Wheat Growth Modifier: 100%
[20:43:00] [Server thread/INFO]: NetherWart Growth Modifier: 100%
[20:43:00] [Server thread/INFO]: Vine Growth Modifier: 100%
[20:43:00] [Server thread/INFO]: Cocoa Growth Modifier: 100%
[20:43:00] [Server thread/INFO]: Bamboo Growth Modifier: 100%
[20:43:00] [Server thread/INFO]: SweetBerry Growth Modifier: 100%
[20:43:00] [Server thread/INFO]: Kelp Growth Modifier: 100%
[20:43:00] [Server thread/INFO]: Entity Activation Range: An 32 / Mo 32 / Ra 48 / Mi 16 / Tiv true
[20:43:00] [Server thread/INFO]: Entity Tracking Range: Pl 48 / An 48 / Mo 48 / Mi 32 / Other 64
[20:43:00] [Server thread/INFO]: Hopper Transfer: 8 Hopper Check: 1 Hopper Amount: 1
[20:43:00] [Server thread/INFO]: Custom Map Seeds:  Village: 10387312 Desert: 14357617 Igloo: 14357618 Jungle: 14357619 Swamp: 14357620 Monument: 10387313 Ocean: 14357621 Shipwreck: 165745295 End City: 10387313 Slime: 987234911
[20:43:00] [Server thread/INFO]: Max TNT Explosions: 100
[20:43:00] [Server thread/INFO]: Tile Max Tick Time: 50ms Entity max Tick Time: 50ms
[20:43:00] [Server thread/INFO]: Mob Spawn Range: 8
[20:43:00] [Server thread/INFO]: View Distance: 10
[20:43:00] [Server thread/INFO]: Allow Zombie Pigmen to spawn from portal blocks: true
[20:43:00] [Server thread/INFO]: Item Despawn Rate: 6000
[20:43:00] [Server thread/INFO]: Item Merge Radius: 2.5
[20:43:00] [Server thread/INFO]: Arrow Despawn Rate: 1200 Trident Respawn Rate:1200
[20:43:00] [Server thread/INFO]: Zombie Aggressive Towards Villager: true
[20:43:00] [Server thread/INFO]: Nerfing mobs spawned from spawners: false
[20:43:00] [Server thread/INFO]: -------- World Settings For [world_nether] --------
[20:43:00] [Server thread/INFO]: Experience Merge Radius: 3.0
[20:43:00] [Server thread/INFO]: Cactus Growth Modifier: 100%
[20:43:00] [Server thread/INFO]: Cane Growth Modifier: 100%
[20:43:00] [Server thread/INFO]: Melon Growth Modifier: 100%
[20:43:00] [Server thread/INFO]: Mushroom Growth Modifier: 100%
[20:43:00] [Server thread/INFO]: Pumpkin Growth Modifier: 100%
[20:43:00] [Server thread/INFO]: Sapling Growth Modifier: 100%
[20:43:00] [Server thread/INFO]: Beetroot Growth Modifier: 100%
[20:43:00] [Server thread/INFO]: Carrot Growth Modifier: 100%
[20:43:00] [Server thread/INFO]: Potato Growth Modifier: 100%
[20:43:00] [Server thread/INFO]: Wheat Growth Modifier: 100%
[20:43:00] [Server thread/INFO]: NetherWart Growth Modifier: 100%
[20:43:00] [Server thread/INFO]: Vine Growth Modifier: 100%
[20:43:00] [Server thread/INFO]: Cocoa Growth Modifier: 100%
[20:43:00] [Server thread/INFO]: Bamboo Growth Modifier: 100%
[20:43:00] [Server thread/INFO]: SweetBerry Growth Modifier: 100%
[20:43:00] [Server thread/INFO]: Kelp Growth Modifier: 100%
[20:43:00] [Server thread/INFO]: Entity Activation Range: An 32 / Mo 32 / Ra 48 / Mi 16 / Tiv true
[20:43:00] [Server thread/INFO]: Entity Tracking Range: Pl 48 / An 48 / Mo 48 / Mi 32 / Other 64
[20:43:00] [Server thread/INFO]: Hopper Transfer: 8 Hopper Check: 1 Hopper Amount: 1
[20:43:00] [Server thread/INFO]: Custom Map Seeds:  Village: 10387312 Desert: 14357617 Igloo: 14357618 Jungle: 14357619 Swamp: 14357620 Monument: 10387313 Ocean: 14357621 Shipwreck: 165745295 End City: 10387313 Slime: 987234911
[20:43:00] [Server thread/INFO]: Max TNT Explosions: 100
[20:43:00] [Server thread/INFO]: Tile Max Tick Time: 50ms Entity max Tick Time: 50ms
[20:43:00] [Server thread/INFO]: Mob Spawn Range: 8
[20:43:00] [Server thread/INFO]: View Distance: 10
[20:43:00] [Server thread/INFO]: Allow Zombie Pigmen to spawn from portal blocks: true
[20:43:00] [Server thread/INFO]: Item Despawn Rate: 6000
[20:43:00] [Server thread/INFO]: Item Merge Radius: 2.5
[20:43:00] [Server thread/INFO]: Arrow Despawn Rate: 1200 Trident Respawn Rate:1200
[20:43:00] [Server thread/INFO]: Zombie Aggressive Towards Villager: true
[20:43:00] [Server thread/INFO]: Nerfing mobs spawned from spawners: false
[20:43:00] [Server thread/INFO]: -------- World Settings For [world_the_end] --------
[20:43:00] [Server thread/INFO]: Experience Merge Radius: 3.0
[20:43:00] [Server thread/INFO]: Cactus Growth Modifier: 100%
[20:43:00] [Server thread/INFO]: Cane Growth Modifier: 100%
[20:43:00] [Server thread/INFO]: Melon Growth Modifier: 100%
[20:43:00] [Server thread/INFO]: Mushroom Growth Modifier: 100%
[20:43:00] [Server thread/INFO]: Pumpkin Growth Modifier: 100%
[20:43:00] [Server thread/INFO]: Sapling Growth Modifier: 100%
[20:43:00] [Server thread/INFO]: Beetroot Growth Modifier: 100%
[20:43:00] [Server thread/INFO]: Carrot Growth Modifier: 100%
[20:43:00] [Server thread/INFO]: Potato Growth Modifier: 100%
[20:43:00] [Server thread/INFO]: Wheat Growth Modifier: 100%
[20:43:00] [Server thread/INFO]: NetherWart Growth Modifier: 100%
[20:43:00] [Server thread/INFO]: Vine Growth Modifier: 100%
[20:43:00] [Server thread/INFO]: Cocoa Growth Modifier: 100%
[20:43:00] [Server thread/INFO]: Bamboo Growth Modifier: 100%
[20:43:00] [Server thread/INFO]: SweetBerry Growth Modifier: 100%
[20:43:00] [Server thread/INFO]: Kelp Growth Modifier: 100%
[20:43:00] [Server thread/INFO]: Entity Activation Range: An 32 / Mo 32 / Ra 48 / Mi 16 / Tiv true
[20:43:00] [Server thread/INFO]: Entity Tracking Range: Pl 48 / An 48 / Mo 48 / Mi 32 / Other 64
[20:43:00] [Server thread/INFO]: Hopper Transfer: 8 Hopper Check: 1 Hopper Amount: 1
[20:43:00] [Server thread/INFO]: Custom Map Seeds:  Village: 10387312 Desert: 14357617 Igloo: 14357618 Jungle: 14357619 Swamp: 14357620 Monument: 10387313 Ocean: 14357621 Shipwreck: 165745295 End City: 10387313 Slime: 987234911
[20:43:00] [Server thread/INFO]: Max TNT Explosions: 100
[20:43:00] [Server thread/INFO]: Tile Max Tick Time: 50ms Entity max Tick Time: 50ms
[20:43:00] [Server thread/INFO]: Mob Spawn Range: 8
[20:43:00] [Server thread/INFO]: View Distance: 10
[20:43:00] [Server thread/INFO]: Allow Zombie Pigmen to spawn from portal blocks: true
[20:43:00] [Server thread/INFO]: Item Despawn Rate: 6000
[20:43:00] [Server thread/INFO]: Item Merge Radius: 2.5
[20:43:00] [Server thread/INFO]: Arrow Despawn Rate: 1200 Trident Respawn Rate:1200
[20:43:00] [Server thread/INFO]: Zombie Aggressive Towards Villager: true
[20:43:00] [Server thread/INFO]: Nerfing mobs spawned from spawners: false
[20:43:00] [Server thread/INFO]: Preparing start region for dimension 'world'/minecraft:overworld
[20:43:00] [Server thread/INFO]: Loaded 0 spawn chunks for world world
[20:43:00] [Server thread/INFO]: Preparing spawn area: 0%
[20:43:00] [Server thread/INFO]: Preparing spawn area: 10%
[20:43:00] [Server thread/INFO]: Time elapsed: 678 ms
[20:43:00] [Server thread/INFO]: Preparing start region for dimension 'world_nether'/minecraft:the_nether
[20:43:00] [Server thread/INFO]: Loaded 0 spawn chunks for world world_nether
[20:43:00] [Server thread/INFO]: Preparing spawn area: 0%
[20:43:01] [Server thread/INFO]: Time elapsed: 203 ms
[20:43:01] [Server thread/INFO]: Preparing start region for dimension 'world_the_end'/minecraft:the_end
[20:43:01] [Server thread/INFO]: Loaded 0 spawn chunks for world world_the_end
[20:43:01] [Server thread/INFO]: Preparing spawn area: 0%
[20:43:01] [Server thread/INFO]: Time elapsed: 35 ms
[20:43:01] [Server thread/INFO]: Running delayed init tasks
[20:43:01] [Server thread/INFO]: Done (3.754s)! For help, type "help"
[20:43:01] [Server thread/INFO]: Timings Reset
[20:50:49] [Server thread/INFO]: CONSOLE: Are you sure you wish to reload your server? Doing so may cause bugs and memory leaks. It is recommended to restart instead of using /reload. To confirm, please type /reload confirm
[20:51:01] [Server thread/INFO]: CONSOLE: Are you sure you wish to reload your server? Doing so may cause bugs and memory leaks. It is recommended to restart instead of using /reload. To confirm, please type /reload confirm
[20:51:02] [Server thread/INFO]: CONSOLE: Are you sure you wish to reload your server? Doing so may cause bugs and memory leaks. It is recommended to restart instead of using /reload. To confirm, please type /reload confirm
[20:55:00] [Server thread/INFO]: CONSOLE: Are you sure you wish to reload your server? Doing so may cause bugs and memory leaks. It is recommended to restart instead of using /reload. To confirm, please type /reload confirm
[21:14:00] [Server thread/INFO]: CONSOLE: Are you sure you wish to reload your server? Doing so may cause bugs and memory leaks. It is recommended to restart instead of using /reload. To confirm, please type /reload confirm
[21:15:39] [Server thread/INFO]: CONSOLE: Please note that this command is not supported and may cause issues when using some plugins.
[21:15:39] [Server thread/INFO]: CONSOLE: If you encounter any issues please use the /stop command to restart your server.
[21:15:39] [Server thread/INFO]: Debug logging is disabled
[21:15:39] [Server thread/INFO]: Server Ping Player Sample Count: 12
[21:15:39] [Server thread/INFO]: Using 4 threads for Netty based IO
[21:15:39] [Server thread/INFO]: -------- World Settings For [world] --------
[21:15:39] [Server thread/INFO]: Experience Merge Radius: 3.0
[21:15:39] [Server thread/INFO]: Cactus Growth Modifier: 100%
[21:15:39] [Server thread/INFO]: Cane Growth Modifier: 100%
[21:15:39] [Server thread/INFO]: Melon Growth Modifier: 100%
[21:15:39] [Server thread/INFO]: Mushroom Growth Modifier: 100%
[21:15:39] [Server thread/INFO]: Pumpkin Growth Modifier: 100%
[21:15:39] [Server thread/INFO]: Sapling Growth Modifier: 100%
[21:15:39] [Server thread/INFO]: Beetroot Growth Modifier: 100%
[21:15:39] [Server thread/INFO]: Carrot Growth Modifier: 100%
[21:15:39] [Server thread/INFO]: Potato Growth Modifier: 100%
[21:15:39] [Server thread/INFO]: Wheat Growth Modifier: 100%
[21:15:39] [Server thread/INFO]: NetherWart Growth Modifier: 100%
[21:15:39] [Server thread/INFO]: Vine Growth Modifier: 100%
[21:15:39] [Server thread/INFO]: Cocoa Growth Modifier: 100%
[21:15:39] [Server thread/INFO]: Bamboo Growth Modifier: 100%
[21:15:39] [Server thread/INFO]: SweetBerry Growth Modifier: 100%
[21:15:39] [Server thread/INFO]: Kelp Growth Modifier: 100%
[21:15:39] [Server thread/INFO]: Entity Activation Range: An 32 / Mo 32 / Ra 48 / Mi 16 / Tiv true
[21:15:39] [Server thread/INFO]: Entity Tracking Range: Pl 48 / An 48 / Mo 48 / Mi 32 / Other 64
[21:15:39] [Server thread/INFO]: Hopper Transfer: 8 Hopper Check: 1 Hopper Amount: 1
[21:15:39] [Server thread/INFO]: Custom Map Seeds:  Village: 10387312 Desert: 14357617 Igloo: 14357618 Jungle: 14357619 Swamp: 14357620 Monument: 10387313 Ocean: 14357621 Shipwreck: 165745295 End City: 10387313 Slime: 987234911
[21:15:39] [Server thread/INFO]: Max TNT Explosions: 100
[21:15:39] [Server thread/INFO]: Tile Max Tick Time: 50ms Entity max Tick Time: 50ms
[21:15:39] [Server thread/INFO]: Mob Spawn Range: 8
[21:15:39] [Server thread/INFO]: View Distance: 10
[21:15:39] [Server thread/INFO]: Allow Zombie Pigmen to spawn from portal blocks: true
[21:15:39] [Server thread/INFO]: Item Despawn Rate: 6000
[21:15:39] [Server thread/INFO]: Item Merge Radius: 2.5
[21:15:39] [Server thread/INFO]: Arrow Despawn Rate: 1200 Trident Respawn Rate:1200
[21:15:39] [Server thread/INFO]: Zombie Aggressive Towards Villager: true
[21:15:39] [Server thread/INFO]: Nerfing mobs spawned from spawners: false
[21:15:39] [Server thread/INFO]: -------- World Settings For [world_nether] --------
[21:15:39] [Server thread/INFO]: Experience Merge Radius: 3.0
[21:15:39] [Server thread/INFO]: Cactus Growth Modifier: 100%
[21:15:39] [Server thread/INFO]: Cane Growth Modifier: 100%
[21:15:39] [Server thread/INFO]: Melon Growth Modifier: 100%
[21:15:39] [Server thread/INFO]: Mushroom Growth Modifier: 100%
[21:15:39] [Server thread/INFO]: Pumpkin Growth Modifier: 100%
[21:15:39] [Server thread/INFO]: Sapling Growth Modifier: 100%
[21:15:39] [Server thread/INFO]: Beetroot Growth Modifier: 100%
[21:15:39] [Server thread/INFO]: Carrot Growth Modifier: 100%
[21:15:39] [Server thread/INFO]: Potato Growth Modifier: 100%
[21:15:39] [Server thread/INFO]: Wheat Growth Modifier: 100%
[21:15:39] [Server thread/INFO]: NetherWart Growth Modifier: 100%
[21:15:39] [Server thread/INFO]: Vine Growth Modifier: 100%
[21:15:39] [Server thread/INFO]: Cocoa Growth Modifier: 100%
[21:15:39] [Server thread/INFO]: Bamboo Growth Modifier: 100%
[21:15:39] [Server thread/INFO]: SweetBerry Growth Modifier: 100%
[21:15:39] [Server thread/INFO]: Kelp Growth Modifier: 100%
[21:15:39] [Server thread/INFO]: Entity Activation Range: An 32 / Mo 32 / Ra 48 / Mi 16 / Tiv true
[21:15:39] [Server thread/INFO]: Entity Tracking Range: Pl 48 / An 48 / Mo 48 / Mi 32 / Other 64
[21:15:39] [Server thread/INFO]: Hopper Transfer: 8 Hopper Check: 1 Hopper Amount: 1
[21:15:39] [Server thread/INFO]: Custom Map Seeds:  Village: 10387312 Desert: 14357617 Igloo: 14357618 Jungle: 14357619 Swamp: 14357620 Monument: 10387313 Ocean: 14357621 Shipwreck: 165745295 End City: 10387313 Slime: 987234911
[21:15:39] [Server thread/INFO]: Max TNT Explosions: 100
[21:15:39] [Server thread/INFO]: Tile Max Tick Time: 50ms Entity max Tick Time: 50ms
[21:15:39] [Server thread/INFO]: Mob Spawn Range: 8
[21:15:39] [Server thread/INFO]: View Distance: 10
[21:15:39] [Server thread/INFO]: Allow Zombie Pigmen to spawn from portal blocks: true
[21:15:39] [Server thread/INFO]: Item Despawn Rate: 6000
[21:15:39] [Server thread/INFO]: Item Merge Radius: 2.5
[21:15:39] [Server thread/INFO]: Arrow Despawn Rate: 1200 Trident Respawn Rate:1200
[21:15:39] [Server thread/INFO]: Zombie Aggressive Towards Villager: true
[21:15:39] [Server thread/INFO]: Nerfing mobs spawned from spawners: false
[21:15:39] [Server thread/INFO]: -------- World Settings For [world_the_end] --------
[21:15:39] [Server thread/INFO]: Experience Merge Radius: 3.0
[21:15:39] [Server thread/INFO]: Cactus Growth Modifier: 100%
[21:15:39] [Server thread/INFO]: Cane Growth Modifier: 100%
[21:15:39] [Server thread/INFO]: Melon Growth Modifier: 100%
[21:15:39] [Server thread/INFO]: Mushroom Growth Modifier: 100%
[21:15:39] [Server thread/INFO]: Pumpkin Growth Modifier: 100%
[21:15:39] [Server thread/INFO]: Sapling Growth Modifier: 100%
[21:15:39] [Server thread/INFO]: Beetroot Growth Modifier: 100%
[21:15:39] [Server thread/INFO]: Carrot Growth Modifier: 100%
[21:15:39] [Server thread/INFO]: Potato Growth Modifier: 100%
[21:15:39] [Server thread/INFO]: Wheat Growth Modifier: 100%
[21:15:39] [Server thread/INFO]: NetherWart Growth Modifier: 100%
[21:15:39] [Server thread/INFO]: Vine Growth Modifier: 100%
[21:15:39] [Server thread/INFO]: Cocoa Growth Modifier: 100%
[21:15:39] [Server thread/INFO]: Bamboo Growth Modifier: 100%
[21:15:39] [Server thread/INFO]: SweetBerry Growth Modifier: 100%
[21:15:39] [Server thread/INFO]: Kelp Growth Modifier: 100%
[21:15:39] [Server thread/INFO]: Entity Activation Range: An 32 / Mo 32 / Ra 48 / Mi 16 / Tiv true
[21:15:39] [Server thread/INFO]: Entity Tracking Range: Pl 48 / An 48 / Mo 48 / Mi 32 / Other 64
[21:15:39] [Server thread/INFO]: Hopper Transfer: 8 Hopper Check: 1 Hopper Amount: 1
[21:15:39] [Server thread/INFO]: Custom Map Seeds:  Village: 10387312 Desert: 14357617 Igloo: 14357618 Jungle: 14357619 Swamp: 14357620 Monument: 10387313 Ocean: 14357621 Shipwreck: 165745295 End City: 10387313 Slime: 987234911
[21:15:39] [Server thread/INFO]: Max TNT Explosions: 100
[21:15:39] [Server thread/INFO]: Tile Max Tick Time: 50ms Entity max Tick Time: 50ms
[21:15:39] [Server thread/INFO]: Mob Spawn Range: 8
[21:15:39] [Server thread/INFO]: View Distance: 10
[21:15:39] [Server thread/INFO]: Allow Zombie Pigmen to spawn from portal blocks: true
[21:15:39] [Server thread/INFO]: Item Despawn Rate: 6000
[21:15:39] [Server thread/INFO]: Item Merge Radius: 2.5
[21:15:39] [Server thread/INFO]: Arrow Despawn Rate: 1200 Trident Respawn Rate:1200
[21:15:39] [Server thread/INFO]: Zombie Aggressive Towards Villager: true
[21:15:39] [Server thread/INFO]: Nerfing mobs spawned from spawners: false
[21:15:39] [Server thread/INFO]: Reloading ResourceManager: Default, bukkit
[21:15:39] [Server thread/INFO]: Loaded 6 recipes
[21:15:40] [Server thread/INFO]: Reloading ResourceManager: Default, bukkit
[21:15:40] [Server thread/INFO]: Loaded 6 recipes
[21:15:40] [Server thread/INFO]: [Helloworld] Loading Helloworld v1.0-SNAPSHOT
[21:15:40] [Server thread/INFO]: Server permissions file permissions.yml is empty, ignoring it
[21:15:40] [Server thread/INFO]: [Helloworld] Enabling Helloworld v1.0-SNAPSHOT
[21:15:40] [Server thread/INFO]: hello world
[21:15:40] [Server thread/INFO]: CONSOLE: Reload complete.
[21:15:40] [Server thread/INFO]: Timings Reset
[21:15:50] [Server thread/INFO]: CONSOLE: Please note that this command is not supported and may cause issues when using some plugins.
[21:15:50] [Server thread/INFO]: CONSOLE: If you encounter any issues please use the /stop command to restart your server.
[21:15:50] [Server thread/INFO]: Debug logging is disabled
[21:15:50] [Server thread/INFO]: Server Ping Player Sample Count: 12
[21:15:50] [Server thread/INFO]: Using 4 threads for Netty based IO
[21:15:50] [Server thread/INFO]: -------- World Settings For [world] --------
[21:15:50] [Server thread/INFO]: Experience Merge Radius: 3.0
[21:15:50] [Server thread/INFO]: Cactus Growth Modifier: 100%
[21:15:50] [Server thread/INFO]: Cane Growth Modifier: 100%
[21:15:50] [Server thread/INFO]: Melon Growth Modifier: 100%
[21:15:50] [Server thread/INFO]: Mushroom Growth Modifier: 100%
[21:15:50] [Server thread/INFO]: Pumpkin Growth Modifier: 100%
[21:15:50] [Server thread/INFO]: Sapling Growth Modifier: 100%
[21:15:50] [Server thread/INFO]: Beetroot Growth Modifier: 100%
[21:15:50] [Server thread/INFO]: Carrot Growth Modifier: 100%
[21:15:50] [Server thread/INFO]: Potato Growth Modifier: 100%
[21:15:50] [Server thread/INFO]: Wheat Growth Modifier: 100%
[21:15:50] [Server thread/INFO]: NetherWart Growth Modifier: 100%
[21:15:50] [Server thread/INFO]: Vine Growth Modifier: 100%
[21:15:50] [Server thread/INFO]: Cocoa Growth Modifier: 100%
[21:15:50] [Server thread/INFO]: Bamboo Growth Modifier: 100%
[21:15:50] [Server thread/INFO]: SweetBerry Growth Modifier: 100%
[21:15:50] [Server thread/INFO]: Kelp Growth Modifier: 100%
[21:15:50] [Server thread/INFO]: Entity Activation Range: An 32 / Mo 32 / Ra 48 / Mi 16 / Tiv true
[21:15:50] [Server thread/INFO]: Entity Tracking Range: Pl 48 / An 48 / Mo 48 / Mi 32 / Other 64
[21:15:50] [Server thread/INFO]: Hopper Transfer: 8 Hopper Check: 1 Hopper Amount: 1
[21:15:50] [Server thread/INFO]: Custom Map Seeds:  Village: 10387312 Desert: 14357617 Igloo: 14357618 Jungle: 14357619 Swamp: 14357620 Monument: 10387313 Ocean: 14357621 Shipwreck: 165745295 End City: 10387313 Slime: 987234911
[21:15:50] [Server thread/INFO]: Max TNT Explosions: 100
[21:15:50] [Server thread/INFO]: Tile Max Tick Time: 50ms Entity max Tick Time: 50ms
[21:15:50] [Server thread/INFO]: Mob Spawn Range: 8
[21:15:50] [Server thread/INFO]: View Distance: 10
[21:15:50] [Server thread/INFO]: Allow Zombie Pigmen to spawn from portal blocks: true
[21:15:50] [Server thread/INFO]: Item Despawn Rate: 6000
[21:15:50] [Server thread/INFO]: Item Merge Radius: 2.5
[21:15:50] [Server thread/INFO]: Arrow Despawn Rate: 1200 Trident Respawn Rate:1200
[21:15:50] [Server thread/INFO]: Zombie Aggressive Towards Villager: true
[21:15:50] [Server thread/INFO]: Nerfing mobs spawned from spawners: false
[21:15:50] [Server thread/INFO]: -------- World Settings For [world_nether] --------
[21:15:50] [Server thread/INFO]: Experience Merge Radius: 3.0
[21:15:50] [Server thread/INFO]: Cactus Growth Modifier: 100%
[21:15:50] [Server thread/INFO]: Cane Growth Modifier: 100%
[21:15:50] [Server thread/INFO]: Melon Growth Modifier: 100%
[21:15:50] [Server thread/INFO]: Mushroom Growth Modifier: 100%
[21:15:50] [Server thread/INFO]: Pumpkin Growth Modifier: 100%
[21:15:50] [Server thread/INFO]: Sapling Growth Modifier: 100%
[21:15:50] [Server thread/INFO]: Beetroot Growth Modifier: 100%
[21:15:50] [Server thread/INFO]: Carrot Growth Modifier: 100%
[21:15:50] [Server thread/INFO]: Potato Growth Modifier: 100%
[21:15:50] [Server thread/INFO]: Wheat Growth Modifier: 100%
[21:15:50] [Server thread/INFO]: NetherWart Growth Modifier: 100%
[21:15:50] [Server thread/INFO]: Vine Growth Modifier: 100%
[21:15:50] [Server thread/INFO]: Cocoa Growth Modifier: 100%
[21:15:50] [Server thread/INFO]: Bamboo Growth Modifier: 100%
[21:15:50] [Server thread/INFO]: SweetBerry Growth Modifier: 100%
[21:15:50] [Server thread/INFO]: Kelp Growth Modifier: 100%
[21:15:50] [Server thread/INFO]: Entity Activation Range: An 32 / Mo 32 / Ra 48 / Mi 16 / Tiv true
[21:15:50] [Server thread/INFO]: Entity Tracking Range: Pl 48 / An 48 / Mo 48 / Mi 32 / Other 64
[21:15:50] [Server thread/INFO]: Hopper Transfer: 8 Hopper Check: 1 Hopper Amount: 1
[21:15:50] [Server thread/INFO]: Custom Map Seeds:  Village: 10387312 Desert: 14357617 Igloo: 14357618 Jungle: 14357619 Swamp: 14357620 Monument: 10387313 Ocean: 14357621 Shipwreck: 165745295 End City: 10387313 Slime: 987234911
[21:15:50] [Server thread/INFO]: Max TNT Explosions: 100
[21:15:50] [Server thread/INFO]: Tile Max Tick Time: 50ms Entity max Tick Time: 50ms
[21:15:50] [Server thread/INFO]: Mob Spawn Range: 8
[21:15:50] [Server thread/INFO]: View Distance: 10
[21:15:50] [Server thread/INFO]: Allow Zombie Pigmen to spawn from portal blocks: true
[21:15:50] [Server thread/INFO]: Item Despawn Rate: 6000
[21:15:50] [Server thread/INFO]: Item Merge Radius: 2.5
[21:15:50] [Server thread/INFO]: Arrow Despawn Rate: 1200 Trident Respawn Rate:1200
[21:15:50] [Server thread/INFO]: Zombie Aggressive Towards Villager: true
[21:15:50] [Server thread/INFO]: Nerfing mobs spawned from spawners: false
[21:15:50] [Server thread/INFO]: -------- World Settings For [world_the_end] --------
[21:15:50] [Server thread/INFO]: Experience Merge Radius: 3.0
[21:15:50] [Server thread/INFO]: Cactus Growth Modifier: 100%
[21:15:50] [Server thread/INFO]: Cane Growth Modifier: 100%
[21:15:50] [Server thread/INFO]: Melon Growth Modifier: 100%
[21:15:50] [Server thread/INFO]: Mushroom Growth Modifier: 100%
[21:15:50] [Server thread/INFO]: Pumpkin Growth Modifier: 100%
[21:15:50] [Server thread/INFO]: Sapling Growth Modifier: 100%
[21:15:50] [Server thread/INFO]: Beetroot Growth Modifier: 100%
[21:15:50] [Server thread/INFO]: Carrot Growth Modifier: 100%
[21:15:50] [Server thread/INFO]: Potato Growth Modifier: 100%
[21:15:50] [Server thread/INFO]: Wheat Growth Modifier: 100%
[21:15:50] [Server thread/INFO]: NetherWart Growth Modifier: 100%
[21:15:50] [Server thread/INFO]: Vine Growth Modifier: 100%
[21:15:50] [Server thread/INFO]: Cocoa Growth Modifier: 100%
[21:15:50] [Server thread/INFO]: Bamboo Growth Modifier: 100%
[21:15:50] [Server thread/INFO]: SweetBerry Growth Modifier: 100%
[21:15:50] [Server thread/INFO]: Kelp Growth Modifier: 100%
[21:15:50] [Server thread/INFO]: Entity Activation Range: An 32 / Mo 32 / Ra 48 / Mi 16 / Tiv true
[21:15:50] [Server thread/INFO]: Entity Tracking Range: Pl 48 / An 48 / Mo 48 / Mi 32 / Other 64
[21:15:50] [Server thread/INFO]: Hopper Transfer: 8 Hopper Check: 1 Hopper Amount: 1
[21:15:50] [Server thread/INFO]: Custom Map Seeds:  Village: 10387312 Desert: 14357617 Igloo: 14357618 Jungle: 14357619 Swamp: 14357620 Monument: 10387313 Ocean: 14357621 Shipwreck: 165745295 End City: 10387313 Slime: 987234911
[21:15:50] [Server thread/INFO]: Max TNT Explosions: 100
[21:15:50] [Server thread/INFO]: Tile Max Tick Time: 50ms Entity max Tick Time: 50ms
[21:15:50] [Server thread/INFO]: Mob Spawn Range: 8
[21:15:50] [Server thread/INFO]: View Distance: 10
[21:15:50] [Server thread/INFO]: Allow Zombie Pigmen to spawn from portal blocks: true
[21:15:50] [Server thread/INFO]: Item Despawn Rate: 6000
[21:15:50] [Server thread/INFO]: Item Merge Radius: 2.5
[21:15:50] [Server thread/INFO]: Arrow Despawn Rate: 1200 Trident Respawn Rate:1200
[21:15:50] [Server thread/INFO]: Zombie Aggressive Towards Villager: true
[21:15:50] [Server thread/INFO]: Nerfing mobs spawned from spawners: false
[21:15:50] [Server thread/INFO]: [Helloworld] Disabling Helloworld v1.0-SNAPSHOT
[21:15:50] [Server thread/INFO]: Reloading ResourceManager: Default, bukkit
[21:15:50] [Server thread/INFO]: Loaded 6 recipes
[21:15:50] [Server thread/INFO]: Reloading ResourceManager: Default, bukkit
[21:15:50] [Server thread/INFO]: Loaded 6 recipes
[21:15:50] [Server thread/INFO]: [Helloworld] Loading Helloworld v1.0-SNAPSHOT
[21:15:50] [Server thread/INFO]: Server permissions file permissions.yml is empty, ignoring it
[21:15:50] [Server thread/INFO]: [Helloworld] Enabling Helloworld v1.0-SNAPSHOT
[21:15:50] [Server thread/INFO]: hello world
[21:15:50] [Server thread/INFO]: CONSOLE: Reload complete.
[21:15:50] [Server thread/INFO]: Timings Reset
[21:15:53] [Server thread/INFO]: CONSOLE: Are you sure you wish to reload your server? Doing so may cause bugs and memory leaks. It is recommended to restart instead of using /reload. To confirm, please type /reload confirm
[21:15:54] [Server thread/INFO]: CONSOLE: Please note that this command is not supported and may cause issues when using some plugins.
[21:15:54] [Server thread/INFO]: CONSOLE: If you encounter any issues please use the /stop command to restart your server.
[21:15:54] [Server thread/INFO]: Debug logging is disabled
[21:15:54] [Server thread/INFO]: Server Ping Player Sample Count: 12
[21:15:54] [Server thread/INFO]: Using 4 threads for Netty based IO
[21:15:54] [Server thread/INFO]: -------- World Settings For [world] --------
[21:15:54] [Server thread/INFO]: Experience Merge Radius: 3.0
[21:15:54] [Server thread/INFO]: Cactus Growth Modifier: 100%
[21:15:54] [Server thread/INFO]: Cane Growth Modifier: 100%
[21:15:54] [Server thread/INFO]: Melon Growth Modifier: 100%
[21:15:54] [Server thread/INFO]: Mushroom Growth Modifier: 100%
[21:15:54] [Server thread/INFO]: Pumpkin Growth Modifier: 100%
[21:15:54] [Server thread/INFO]: Sapling Growth Modifier: 100%
[21:15:54] [Server thread/INFO]: Beetroot Growth Modifier: 100%
[21:15:54] [Server thread/INFO]: Carrot Growth Modifier: 100%
[21:15:54] [Server thread/INFO]: Potato Growth Modifier: 100%
[21:15:54] [Server thread/INFO]: Wheat Growth Modifier: 100%
[21:15:54] [Server thread/INFO]: NetherWart Growth Modifier: 100%
[21:15:54] [Server thread/INFO]: Vine Growth Modifier: 100%
[21:15:54] [Server thread/INFO]: Cocoa Growth Modifier: 100%
[21:15:54] [Server thread/INFO]: Bamboo Growth Modifier: 100%
[21:15:54] [Server thread/INFO]: SweetBerry Growth Modifier: 100%
[21:15:54] [Server thread/INFO]: Kelp Growth Modifier: 100%
[21:15:54] [Server thread/INFO]: Entity Activation Range: An 32 / Mo 32 / Ra 48 / Mi 16 / Tiv true
[21:15:54] [Server thread/INFO]: Entity Tracking Range: Pl 48 / An 48 / Mo 48 / Mi 32 / Other 64
[21:15:54] [Server thread/INFO]: Hopper Transfer: 8 Hopper Check: 1 Hopper Amount: 1
[21:15:54] [Server thread/INFO]: Custom Map Seeds:  Village: 10387312 Desert: 14357617 Igloo: 14357618 Jungle: 14357619 Swamp: 14357620 Monument: 10387313 Ocean: 14357621 Shipwreck: 165745295 End City: 10387313 Slime: 987234911
[21:15:54] [Server thread/INFO]: Max TNT Explosions: 100
[21:15:54] [Server thread/INFO]: Tile Max Tick Time: 50ms Entity max Tick Time: 50ms
[21:15:54] [Server thread/INFO]: Mob Spawn Range: 8
[21:15:54] [Server thread/INFO]: View Distance: 10
[21:15:54] [Server thread/INFO]: Allow Zombie Pigmen to spawn from portal blocks: true
[21:15:54] [Server thread/INFO]: Item Despawn Rate: 6000
[21:15:54] [Server thread/INFO]: Item Merge Radius: 2.5
[21:15:54] [Server thread/INFO]: Arrow Despawn Rate: 1200 Trident Respawn Rate:1200
[21:15:54] [Server thread/INFO]: Zombie Aggressive Towards Villager: true
[21:15:54] [Server thread/INFO]: Nerfing mobs spawned from spawners: false
[21:15:54] [Server thread/INFO]: -------- World Settings For [world_nether] --------
[21:15:54] [Server thread/INFO]: Experience Merge Radius: 3.0
[21:15:54] [Server thread/INFO]: Cactus Growth Modifier: 100%
[21:15:54] [Server thread/INFO]: Cane Growth Modifier: 100%
[21:15:54] [Server thread/INFO]: Melon Growth Modifier: 100%
[21:15:54] [Server thread/INFO]: Mushroom Growth Modifier: 100%
[21:15:54] [Server thread/INFO]: Pumpkin Growth Modifier: 100%
[21:15:54] [Server thread/INFO]: Sapling Growth Modifier: 100%
[21:15:54] [Server thread/INFO]: Beetroot Growth Modifier: 100%
[21:15:54] [Server thread/INFO]: Carrot Growth Modifier: 100%
[21:15:54] [Server thread/INFO]: Potato Growth Modifier: 100%
[21:15:54] [Server thread/INFO]: Wheat Growth Modifier: 100%
[21:15:54] [Server thread/INFO]: NetherWart Growth Modifier: 100%
[21:15:54] [Server thread/INFO]: Vine Growth Modifier: 100%
[21:15:54] [Server thread/INFO]: Cocoa Growth Modifier: 100%
[21:15:54] [Server thread/INFO]: Bamboo Growth Modifier: 100%
[21:15:54] [Server thread/INFO]: SweetBerry Growth Modifier: 100%
[21:15:54] [Server thread/INFO]: Kelp Growth Modifier: 100%
[21:15:54] [Server thread/INFO]: Entity Activation Range: An 32 / Mo 32 / Ra 48 / Mi 16 / Tiv true
[21:15:54] [Server thread/INFO]: Entity Tracking Range: Pl 48 / An 48 / Mo 48 / Mi 32 / Other 64
[21:15:54] [Server thread/INFO]: Hopper Transfer: 8 Hopper Check: 1 Hopper Amount: 1
[21:15:54] [Server thread/INFO]: Custom Map Seeds:  Village: 10387312 Desert: 14357617 Igloo: 14357618 Jungle: 14357619 Swamp: 14357620 Monument: 10387313 Ocean: 14357621 Shipwreck: 165745295 End City: 10387313 Slime: 987234911
[21:15:54] [Server thread/INFO]: Max TNT Explosions: 100
[21:15:54] [Server thread/INFO]: Tile Max Tick Time: 50ms Entity max Tick Time: 50ms
[21:15:54] [Server thread/INFO]: Mob Spawn Range: 8
[21:15:54] [Server thread/INFO]: View Distance: 10
[21:15:54] [Server thread/INFO]: Allow Zombie Pigmen to spawn from portal blocks: true
[21:15:54] [Server thread/INFO]: Item Despawn Rate: 6000
[21:15:54] [Server thread/INFO]: Item Merge Radius: 2.5
[21:15:54] [Server thread/INFO]: Arrow Despawn Rate: 1200 Trident Respawn Rate:1200
[21:15:54] [Server thread/INFO]: Zombie Aggressive Towards Villager: true
[21:15:54] [Server thread/INFO]: Nerfing mobs spawned from spawners: false
[21:15:54] [Server thread/INFO]: -------- World Settings For [world_the_end] --------
[21:15:54] [Server thread/INFO]: Experience Merge Radius: 3.0
[21:15:54] [Server thread/INFO]: Cactus Growth Modifier: 100%
[21:15:54] [Server thread/INFO]: Cane Growth Modifier: 100%
[21:15:54] [Server thread/INFO]: Melon Growth Modifier: 100%
[21:15:54] [Server thread/INFO]: Mushroom Growth Modifier: 100%
[21:15:54] [Server thread/INFO]: Pumpkin Growth Modifier: 100%
[21:15:54] [Server thread/INFO]: Sapling Growth Modifier: 100%
[21:15:54] [Server thread/INFO]: Beetroot Growth Modifier: 100%
[21:15:54] [Server thread/INFO]: Carrot Growth Modifier: 100%
[21:15:54] [Server thread/INFO]: Potato Growth Modifier: 100%
[21:15:54] [Server thread/INFO]: Wheat Growth Modifier: 100%
[21:15:54] [Server thread/INFO]: NetherWart Growth Modifier: 100%
[21:15:54] [Server thread/INFO]: Vine Growth Modifier: 100%
[21:15:54] [Server thread/INFO]: Cocoa Growth Modifier: 100%
[21:15:54] [Server thread/INFO]: Bamboo Growth Modifier: 100%
[21:15:54] [Server thread/INFO]: SweetBerry Growth Modifier: 100%
[21:15:54] [Server thread/INFO]: Kelp Growth Modifier: 100%
[21:15:54] [Server thread/INFO]: Entity Activation Range: An 32 / Mo 32 / Ra 48 / Mi 16 / Tiv true
[21:15:54] [Server thread/INFO]: Entity Tracking Range: Pl 48 / An 48 / Mo 48 / Mi 32 / Other 64
[21:15:54] [Server thread/INFO]: Hopper Transfer: 8 Hopper Check: 1 Hopper Amount: 1
[21:15:54] [Server thread/INFO]: Custom Map Seeds:  Village: 10387312 Desert: 14357617 Igloo: 14357618 Jungle: 14357619 Swamp: 14357620 Monument: 10387313 Ocean: 14357621 Shipwreck: 165745295 End City: 10387313 Slime: 987234911
[21:15:54] [Server thread/INFO]: Max TNT Explosions: 100
[21:15:54] [Server thread/INFO]: Tile Max Tick Time: 50ms Entity max Tick Time: 50ms
[21:15:54] [Server thread/INFO]: Mob Spawn Range: 8
[21:15:54] [Server thread/INFO]: View Distance: 10
[21:15:54] [Server thread/INFO]: Allow Zombie Pigmen to spawn from portal blocks: true
[21:15:54] [Server thread/INFO]: Item Despawn Rate: 6000
[21:15:54] [Server thread/INFO]: Item Merge Radius: 2.5
[21:15:54] [Server thread/INFO]: Arrow Despawn Rate: 1200 Trident Respawn Rate:1200
[21:15:54] [Server thread/INFO]: Zombie Aggressive Towards Villager: true
[21:15:54] [Server thread/INFO]: Nerfing mobs spawned from spawners: false
[21:15:54] [Server thread/INFO]: [Helloworld] Disabling Helloworld v1.0-SNAPSHOT
[21:15:54] [Server thread/INFO]: Reloading ResourceManager: Default, bukkit
[21:15:54] [Server thread/INFO]: Loaded 6 recipes
[21:15:54] [Server thread/INFO]: Reloading ResourceManager: Default, bukkit
[21:15:54] [Server thread/INFO]: Loaded 6 recipes
[21:15:54] [Server thread/INFO]: [Helloworld] Loading Helloworld v1.0-SNAPSHOT
[21:15:54] [Server thread/INFO]: Server permissions file permissions.yml is empty, ignoring it
[21:15:54] [Server thread/INFO]: [Helloworld] Enabling Helloworld v1.0-SNAPSHOT
[21:15:54] [Server thread/INFO]: hello world
[21:15:54] [Server thread/INFO]: CONSOLE: Reload complete.
[21:15:54] [Server thread/INFO]: Timings Reset
[21:16:25] [Server thread/INFO]: CONSOLE: Please note that this command is not supported and may cause issues when using some plugins.
[21:16:25] [Server thread/INFO]: CONSOLE: If you encounter any issues please use the /stop command to restart your server.
[21:16:25] [Server thread/INFO]: Debug logging is disabled
[21:16:25] [Server thread/INFO]: Server Ping Player Sample Count: 12
[21:16:25] [Server thread/INFO]: Using 4 threads for Netty based IO
[21:16:25] [Server thread/INFO]: -------- World Settings For [world] --------
[21:16:25] [Server thread/INFO]: Experience Merge Radius: 3.0
[21:16:25] [Server thread/INFO]: Cactus Growth Modifier: 100%
[21:16:25] [Server thread/INFO]: Cane Growth Modifier: 100%
[21:16:25] [Server thread/INFO]: Melon Growth Modifier: 100%
[21:16:25] [Server thread/INFO]: Mushroom Growth Modifier: 100%
[21:16:25] [Server thread/INFO]: Pumpkin Growth Modifier: 100%
[21:16:25] [Server thread/INFO]: Sapling Growth Modifier: 100%
[21:16:25] [Server thread/INFO]: Beetroot Growth Modifier: 100%
[21:16:25] [Server thread/INFO]: Carrot Growth Modifier: 100%
[21:16:25] [Server thread/INFO]: Potato Growth Modifier: 100%
[21:16:25] [Server thread/INFO]: Wheat Growth Modifier: 100%
[21:16:25] [Server thread/INFO]: NetherWart Growth Modifier: 100%
[21:16:25] [Server thread/INFO]: Vine Growth Modifier: 100%
[21:16:25] [Server thread/INFO]: Cocoa Growth Modifier: 100%
[21:16:25] [Server thread/INFO]: Bamboo Growth Modifier: 100%
[21:16:25] [Server thread/INFO]: SweetBerry Growth Modifier: 100%
[21:16:25] [Server thread/INFO]: Kelp Growth Modifier: 100%
[21:16:25] [Server thread/INFO]: Entity Activation Range: An 32 / Mo 32 / Ra 48 / Mi 16 / Tiv true
[21:16:25] [Server thread/INFO]: Entity Tracking Range: Pl 48 / An 48 / Mo 48 / Mi 32 / Other 64
[21:16:25] [Server thread/INFO]: Hopper Transfer: 8 Hopper Check: 1 Hopper Amount: 1
[21:16:25] [Server thread/INFO]: Custom Map Seeds:  Village: 10387312 Desert: 14357617 Igloo: 14357618 Jungle: 14357619 Swamp: 14357620 Monument: 10387313 Ocean: 14357621 Shipwreck: 165745295 End City: 10387313 Slime: 987234911
[21:16:25] [Server thread/INFO]: Max TNT Explosions: 100
[21:16:25] [Server thread/INFO]: Tile Max Tick Time: 50ms Entity max Tick Time: 50ms
[21:16:25] [Server thread/INFO]: Mob Spawn Range: 8
[21:16:25] [Server thread/INFO]: View Distance: 10
[21:16:25] [Server thread/INFO]: Allow Zombie Pigmen to spawn from portal blocks: true
[21:16:25] [Server thread/INFO]: Item Despawn Rate: 6000
[21:16:25] [Server thread/INFO]: Item Merge Radius: 2.5
[21:16:25] [Server thread/INFO]: Arrow Despawn Rate: 1200 Trident Respawn Rate:1200
[21:16:25] [Server thread/INFO]: Zombie Aggressive Towards Villager: true
[21:16:25] [Server thread/INFO]: Nerfing mobs spawned from spawners: false
[21:16:25] [Server thread/INFO]: -------- World Settings For [world_nether] --------
[21:16:25] [Server thread/INFO]: Experience Merge Radius: 3.0
[21:16:25] [Server thread/INFO]: Cactus Growth Modifier: 100%
[21:16:25] [Server thread/INFO]: Cane Growth Modifier: 100%
[21:16:25] [Server thread/INFO]: Melon Growth Modifier: 100%
[21:16:25] [Server thread/INFO]: Mushroom Growth Modifier: 100%
[21:16:25] [Server thread/INFO]: Pumpkin Growth Modifier: 100%
[21:16:25] [Server thread/INFO]: Sapling Growth Modifier: 100%
[21:16:25] [Server thread/INFO]: Beetroot Growth Modifier: 100%
[21:16:25] [Server thread/INFO]: Carrot Growth Modifier: 100%
[21:16:25] [Server thread/INFO]: Potato Growth Modifier: 100%
[21:16:25] [Server thread/INFO]: Wheat Growth Modifier: 100%
[21:16:25] [Server thread/INFO]: NetherWart Growth Modifier: 100%
[21:16:25] [Server thread/INFO]: Vine Growth Modifier: 100%
[21:16:25] [Server thread/INFO]: Cocoa Growth Modifier: 100%
[21:16:25] [Server thread/INFO]: Bamboo Growth Modifier: 100%
[21:16:25] [Server thread/INFO]: SweetBerry Growth Modifier: 100%
[21:16:25] [Server thread/INFO]: Kelp Growth Modifier: 100%
[21:16:25] [Server thread/INFO]: Entity Activation Range: An 32 / Mo 32 / Ra 48 / Mi 16 / Tiv true
[21:16:25] [Server thread/INFO]: Entity Tracking Range: Pl 48 / An 48 / Mo 48 / Mi 32 / Other 64
[21:16:25] [Server thread/INFO]: Hopper Transfer: 8 Hopper Check: 1 Hopper Amount: 1
[21:16:25] [Server thread/INFO]: Custom Map Seeds:  Village: 10387312 Desert: 14357617 Igloo: 14357618 Jungle: 14357619 Swamp: 14357620 Monument: 10387313 Ocean: 14357621 Shipwreck: 165745295 End City: 10387313 Slime: 987234911
[21:16:25] [Server thread/INFO]: Max TNT Explosions: 100
[21:16:25] [Server thread/INFO]: Tile Max Tick Time: 50ms Entity max Tick Time: 50ms
[21:16:25] [Server thread/INFO]: Mob Spawn Range: 8
[21:16:25] [Server thread/INFO]: View Distance: 10
[21:16:25] [Server thread/INFO]: Allow Zombie Pigmen to spawn from portal blocks: true
[21:16:25] [Server thread/INFO]: Item Despawn Rate: 6000
[21:16:25] [Server thread/INFO]: Item Merge Radius: 2.5
[21:16:25] [Server thread/INFO]: Arrow Despawn Rate: 1200 Trident Respawn Rate:1200
[21:16:25] [Server thread/INFO]: Zombie Aggressive Towards Villager: true
[21:16:25] [Server thread/INFO]: Nerfing mobs spawned from spawners: false
[21:16:25] [Server thread/INFO]: -------- World Settings For [world_the_end] --------
[21:16:25] [Server thread/INFO]: Experience Merge Radius: 3.0
[21:16:25] [Server thread/INFO]: Cactus Growth Modifier: 100%
[21:16:25] [Server thread/INFO]: Cane Growth Modifier: 100%
[21:16:25] [Server thread/INFO]: Melon Growth Modifier: 100%
[21:16:25] [Server thread/INFO]: Mushroom Growth Modifier: 100%
[21:16:25] [Server thread/INFO]: Pumpkin Growth Modifier: 100%
[21:16:25] [Server thread/INFO]: Sapling Growth Modifier: 100%
[21:16:25] [Server thread/INFO]: Beetroot Growth Modifier: 100%
[21:16:25] [Server thread/INFO]: Carrot Growth Modifier: 100%
[21:16:25] [Server thread/INFO]: Potato Growth Modifier: 100%
[21:16:25] [Server thread/INFO]: Wheat Growth Modifier: 100%
[21:16:25] [Server thread/INFO]: NetherWart Growth Modifier: 100%
[21:16:25] [Server thread/INFO]: Vine Growth Modifier: 100%
[21:16:25] [Server thread/INFO]: Cocoa Growth Modifier: 100%
[21:16:25] [Server thread/INFO]: Bamboo Growth Modifier: 100%
[21:16:25] [Server thread/INFO]: SweetBerry Growth Modifier: 100%
[21:16:25] [Server thread/INFO]: Kelp Growth Modifier: 100%
[21:16:25] [Server thread/INFO]: Entity Activation Range: An 32 / Mo 32 / Ra 48 / Mi 16 / Tiv true
[21:16:25] [Server thread/INFO]: Entity Tracking Range: Pl 48 / An 48 / Mo 48 / Mi 32 / Other 64
[21:16:25] [Server thread/INFO]: Hopper Transfer: 8 Hopper Check: 1 Hopper Amount: 1
[21:16:25] [Server thread/INFO]: Custom Map Seeds:  Village: 10387312 Desert: 14357617 Igloo: 14357618 Jungle: 14357619 Swamp: 14357620 Monument: 10387313 Ocean: 14357621 Shipwreck: 165745295 End City: 10387313 Slime: 987234911
[21:16:25] [Server thread/INFO]: Max TNT Explosions: 100
[21:16:25] [Server thread/INFO]: Tile Max Tick Time: 50ms Entity max Tick Time: 50ms
[21:16:25] [Server thread/INFO]: Mob Spawn Range: 8
[21:16:25] [Server thread/INFO]: View Distance: 10
[21:16:25] [Server thread/INFO]: Allow Zombie Pigmen to spawn from portal blocks: true
[21:16:25] [Server thread/INFO]: Item Despawn Rate: 6000
[21:16:25] [Server thread/INFO]: Item Merge Radius: 2.5
[21:16:25] [Server thread/INFO]: Arrow Despawn Rate: 1200 Trident Respawn Rate:1200
[21:16:25] [Server thread/INFO]: Zombie Aggressive Towards Villager: true
[21:16:25] [Server thread/INFO]: Nerfing mobs spawned from spawners: false
[21:16:25] [Server thread/INFO]: [Helloworld] Disabling Helloworld v1.0-SNAPSHOT
[21:16:25] [Server thread/INFO]: Reloading ResourceManager: Default, bukkit
[21:16:25] [Server thread/INFO]: Loaded 6 recipes
[21:16:25] [Server thread/INFO]: Reloading ResourceManager: Default, bukkit
[21:16:25] [Server thread/INFO]: Loaded 6 recipes
[21:16:25] [Server thread/INFO]: [Helloworld] Loading Helloworld v1.0-SNAPSHOT
[21:16:25] [Server thread/INFO]: Server permissions file permissions.yml is empty, ignoring it
[21:16:25] [Server thread/INFO]: [Helloworld] Enabling Helloworld v1.0-SNAPSHOT
[21:16:25] [Server thread/INFO]: hello world---------------------------------------------------------------------------------
[21:16:25] [Server thread/INFO]: CONSOLE: Reload complete.
[21:16:25] [Server thread/INFO]: Timings Reset
[21:16:46] [Server thread/INFO]: Stopping the server
[21:16:46] [Server thread/INFO]: Stopping server
[21:16:46] [Server thread/INFO]: [Helloworld] Disabling Helloworld v1.0-SNAPSHOT
[21:16:46] [Server thread/INFO]: Saving players
[21:16:46] [Server thread/INFO]: Saving worlds
[21:16:46] [Server thread/INFO]: Saving chunks for level 'world'/minecraft:overworld
[21:16:46] [Server thread/INFO]: ThreadedAnvilChunkStorage (world): All chunks are saved
[21:16:46] [Server thread/INFO]: Saving chunks for level 'world_nether'/minecraft:the_nether
[21:16:46] [Server thread/INFO]: ThreadedAnvilChunkStorage (DIM-1): All chunks are saved
[21:16:46] [Server thread/INFO]: Saving chunks for level 'world_the_end'/minecraft:the_end
[21:16:46] [Server thread/INFO]: ThreadedAnvilChunkStorage (DIM1): All chunks are saved
[21:16:46] [Server thread/INFO]: ThreadedAnvilChunkStorage (world): All chunks are saved
[21:16:46] [Server thread/INFO]: ThreadedAnvilChunkStorage (DIM-1): All chunks are saved
[21:16:46] [Server thread/INFO]: ThreadedAnvilChunkStorage (DIM1): All chunks are saved
[21:16:46] [Server thread/INFO]: Flushing Chunk IO
[21:16:46] [Server thread/INFO]: Closing Thread Pool
[21:16:46] [Server thread/INFO]: Closing Server
